mode: atomic
github.com/samuelarogbonlo/gorealconf/cmd/examples/complete/main.go:38.13,43.19 3 0
github.com/samuelarogbonlo/gorealconf/cmd/examples/complete/main.go:43.19,45.6 1 0
github.com/samuelarogbonlo/gorealconf/cmd/examples/complete/main.go:48.5,52.19 2 0
github.com/samuelarogbonlo/gorealconf/cmd/examples/complete/main.go:52.19,54.6 1 0
github.com/samuelarogbonlo/gorealconf/cmd/examples/complete/main.go:57.5,69.41 3 0
github.com/samuelarogbonlo/gorealconf/cmd/examples/complete/main.go:69.41,71.6 1 0
github.com/samuelarogbonlo/gorealconf/cmd/examples/complete/main.go:74.5,78.15 3 0
github.com/samuelarogbonlo/gorealconf/cmd/examples/complete/main.go:78.15,79.37 1 0
github.com/samuelarogbonlo/gorealconf/cmd/examples/complete/main.go:79.37,81.55 2 0
github.com/samuelarogbonlo/gorealconf/cmd/examples/complete/main.go:81.55,83.14 1 0
github.com/samuelarogbonlo/gorealconf/cmd/examples/complete/main.go:88.5,93.15 2 0
github.com/samuelarogbonlo/gorealconf/cmd/examples/complete/main.go:93.15,95.86 2 0
github.com/samuelarogbonlo/gorealconf/cmd/examples/complete/main.go:95.86,97.10 1 0
github.com/samuelarogbonlo/gorealconf/cmd/examples/complete/main.go:101.5,101.12 1 0
github.com/samuelarogbonlo/gorealconf/cmd/examples/complete/main.go:105.52,107.58 1 0
github.com/samuelarogbonlo/gorealconf/cmd/examples/complete/main.go:107.58,109.6 1 0
github.com/samuelarogbonlo/gorealconf/cmd/examples/complete/main.go:110.5,110.45 1 0
github.com/samuelarogbonlo/gorealconf/cmd/examples/complete/main.go:110.45,112.6 1 0
github.com/samuelarogbonlo/gorealconf/cmd/examples/complete/main.go:113.5,113.46 1 0
github.com/samuelarogbonlo/gorealconf/cmd/examples/complete/main.go:113.46,115.6 1 0
github.com/samuelarogbonlo/gorealconf/cmd/examples/complete/main.go:118.5,118.34 1 0
github.com/samuelarogbonlo/gorealconf/cmd/examples/complete/main.go:118.34,120.6 1 0
github.com/samuelarogbonlo/gorealconf/cmd/examples/complete/main.go:121.5,121.47 1 0
github.com/samuelarogbonlo/gorealconf/cmd/examples/complete/main.go:121.47,123.6 1 0
github.com/samuelarogbonlo/gorealconf/cmd/examples/complete/main.go:126.5,126.77 1 0
github.com/samuelarogbonlo/gorealconf/cmd/examples/complete/main.go:126.77,128.6 1 0
github.com/samuelarogbonlo/gorealconf/cmd/examples/complete/main.go:130.5,130.15 1 0
github.com/samuelarogbonlo/gorealconf/cmd/examples/complete/main.go:134.44,139.2 1 0
github.com/samuelarogbonlo/gorealconf/cmd/examples/rollout/main.go:17.13,23.56 3 0
github.com/samuelarogbonlo/gorealconf/cmd/examples/rollout/main.go:23.56,25.6 1 0
github.com/samuelarogbonlo/gorealconf/cmd/examples/rollout/main.go:28.5,38.47 4 0
github.com/samuelarogbonlo/gorealconf/cmd/examples/rollout/main.go:38.47,40.6 1 0
github.com/samuelarogbonlo/gorealconf/cmd/examples/rollout/main.go:42.5,42.15 1 0
github.com/samuelarogbonlo/gorealconf/cmd/examples/rollout/main.go:42.15,43.37 1 0
github.com/samuelarogbonlo/gorealconf/cmd/examples/rollout/main.go:43.37,44.34 1 0
github.com/samuelarogbonlo/gorealconf/cmd/examples/rollout/main.go:44.34,46.60 2 0
github.com/samuelarogbonlo/gorealconf/cmd/examples/rollout/main.go:46.60,48.18 1 0
github.com/samuelarogbonlo/gorealconf/cmd/examples/rollout/main.go:53.5,53.12 1 0
github.com/samuelarogbonlo/gorealconf/cmd/examples/rollout/main.go:56.47,57.51 1 0
github.com/samuelarogbonlo/gorealconf/cmd/examples/rollout/main.go:57.51,59.6 1 0
github.com/samuelarogbonlo/gorealconf/cmd/examples/rollout/main.go:60.5,60.28 1 0
github.com/samuelarogbonlo/gorealconf/cmd/examples/rollout/main.go:60.28,62.6 1 0
github.com/samuelarogbonlo/gorealconf/cmd/examples/rollout/main.go:63.5,63.15 1 0
github.com/samuelarogbonlo/gorealconf/cmd/examples/rollout/main.go:66.44,69.2 1 0
github.com/samuelarogbonlo/gorealconf/internal/testutil/mock.go:15.44,19.2 1 0
github.com/samuelarogbonlo/gorealconf/internal/testutil/mock.go:21.62,25.2 3 0
github.com/samuelarogbonlo/gorealconf/internal/testutil/mock.go:27.70,29.2 1 0
github.com/samuelarogbonlo/gorealconf/internal/testutil/mock.go:31.41,36.12 4 0
github.com/samuelarogbonlo/gorealconf/internal/testutil/mock.go:37.24,37.24 0 0
github.com/samuelarogbonlo/gorealconf/internal/testutil/mock.go:38.13,38.13 0 0
github.com/samuelarogbonlo/gorealconf/internal/testutil/mock.go:43.33,45.2 1 0
github.com/samuelarogbonlo/gorealconf/internal/testutil/mock.go:52.55,53.30 1 0
github.com/samuelarogbonlo/gorealconf/internal/testutil/mock.go:53.30,55.6 1 0
github.com/samuelarogbonlo/gorealconf/internal/testutil/mock.go:56.5,56.15 1 0
github.com/samuelarogbonlo/gorealconf/cmd/examples/database/main.go:22.13,30.15 3 0
github.com/samuelarogbonlo/gorealconf/cmd/examples/database/main.go:30.15,31.37 1 0
github.com/samuelarogbonlo/gorealconf/cmd/examples/database/main.go:31.37,34.10 2 0
github.com/samuelarogbonlo/gorealconf/cmd/examples/database/main.go:38.5,44.20 1 0
github.com/samuelarogbonlo/gorealconf/cmd/examples/database/main.go:44.20,46.6 1 0
github.com/samuelarogbonlo/gorealconf/cmd/examples/database/main.go:48.5,48.12 1 0
github.com/samuelarogbonlo/gorealconf/cmd/examples/database/main.go:51.40,53.2 0 0
github.com/samuelarogbonlo/gorealconf/cmd/examples/database/main.go:55.48,56.44 1 0
github.com/samuelarogbonlo/gorealconf/cmd/examples/database/main.go:56.44,58.6 1 0
github.com/samuelarogbonlo/gorealconf/cmd/examples/database/main.go:59.5,59.38 1 0
github.com/samuelarogbonlo/gorealconf/cmd/examples/database/main.go:59.38,61.6 1 0
github.com/samuelarogbonlo/gorealconf/cmd/examples/database/main.go:62.5,62.15 1 0
github.com/samuelarogbonlo/gorealconf/cmd/examples/multistore/main.go:19.13,24.19 3 0
github.com/samuelarogbonlo/gorealconf/cmd/examples/multistore/main.go:24.19,26.6 1 0
github.com/samuelarogbonlo/gorealconf/cmd/examples/multistore/main.go:29.5,33.19 2 0
github.com/samuelarogbonlo/gorealconf/cmd/examples/multistore/main.go:33.19,35.6 1 0
github.com/samuelarogbonlo/gorealconf/cmd/examples/multistore/main.go:38.5,40.80 1 0
github.com/samuelarogbonlo/gorealconf/cmd/examples/multistore/main.go:40.80,43.10 2 0
github.com/samuelarogbonlo/gorealconf/cmd/examples/multistore/main.go:48.5,51.15 3 0
github.com/samuelarogbonlo/gorealconf/cmd/examples/multistore/main.go:51.15,52.37 1 0
github.com/samuelarogbonlo/gorealconf/cmd/examples/multistore/main.go:52.37,54.58 2 0
github.com/samuelarogbonlo/gorealconf/cmd/examples/multistore/main.go:54.58,56.14 1 0
github.com/samuelarogbonlo/gorealconf/cmd/examples/multistore/main.go:60.5,60.12 1 0
github.com/samuelarogbonlo/gorealconf/cmd/examples/multistore/main.go:63.54,64.26 1 0
github.com/samuelarogbonlo/gorealconf/cmd/examples/multistore/main.go:64.26,66.6 1 0
github.com/samuelarogbonlo/gorealconf/cmd/examples/multistore/main.go:67.5,67.38 1 0
github.com/samuelarogbonlo/gorealconf/cmd/examples/multistore/main.go:67.38,69.6 1 0
github.com/samuelarogbonlo/gorealconf/cmd/examples/multistore/main.go:70.5,70.15 1 0
github.com/samuelarogbonlo/gorealconf/cmd/examples/multistore/main.go:73.47,76.2 1 0
github.com/samuelarogbonlo/gorealconf/cmd/examples/webserver/main.go:20.13,33.20 2 0
github.com/samuelarogbonlo/gorealconf/cmd/examples/webserver/main.go:33.20,35.6 1 0
github.com/samuelarogbonlo/gorealconf/cmd/examples/webserver/main.go:38.5,39.15 2 0
github.com/samuelarogbonlo/gorealconf/cmd/examples/webserver/main.go:39.15,40.37 1 0
github.com/samuelarogbonlo/gorealconf/cmd/examples/webserver/main.go:40.37,43.10 1 0
github.com/samuelarogbonlo/gorealconf/cmd/examples/webserver/main.go:47.5,55.51 3 0
github.com/samuelarogbonlo/gorealconf/cmd/examples/webserver/main.go:55.51,57.6 1 0
github.com/samuelarogbonlo/gorealconf/cmd/examples/webserver/main.go:60.56,61.44 1 0
github.com/samuelarogbonlo/gorealconf/cmd/examples/webserver/main.go:61.44,63.6 1 0
github.com/samuelarogbonlo/gorealconf/cmd/examples/webserver/main.go:64.5,64.38 1 0
github.com/samuelarogbonlo/gorealconf/cmd/examples/webserver/main.go:64.38,66.6 1 0
github.com/samuelarogbonlo/gorealconf/cmd/examples/webserver/main.go:67.5,67.39 1 0
github.com/samuelarogbonlo/gorealconf/cmd/examples/webserver/main.go:67.39,69.6 1 0
github.com/samuelarogbonlo/gorealconf/cmd/examples/webserver/main.go:70.5,70.15 1 0
github.com/samuelarogbonlo/gorealconf/cmd/examples/basic/main.go:17.13,21.74 2 0
github.com/samuelarogbonlo/gorealconf/cmd/examples/basic/main.go:21.74,22.38 1 0
github.com/samuelarogbonlo/gorealconf/cmd/examples/basic/main.go:22.38,24.14 1 0
github.com/samuelarogbonlo/gorealconf/cmd/examples/basic/main.go:25.13,25.23 1 0
github.com/samuelarogbonlo/gorealconf/cmd/examples/basic/main.go:31.5,36.58 2 0
github.com/samuelarogbonlo/gorealconf/cmd/examples/basic/main.go:36.58,38.6 1 0
github.com/samuelarogbonlo/gorealconf/cmd/examples/basic/main.go:41.5,45.15 3 0
github.com/samuelarogbonlo/gorealconf/cmd/examples/basic/main.go:45.15,46.37 1 0
github.com/samuelarogbonlo/gorealconf/cmd/examples/basic/main.go:46.37,48.10 1 0
github.com/samuelarogbonlo/gorealconf/cmd/examples/basic/main.go:52.5,52.12 1 0
github.com/samuelarogbonlo/gorealconf/pkg/gorealconf/config.go:24.47,30.30 2 1
github.com/samuelarogbonlo/gorealconf/pkg/gorealconf/config.go:30.30,32.6 1 0
github.com/samuelarogbonlo/gorealconf/pkg/gorealconf/config.go:34.5,34.15 1 1
github.com/samuelarogbonlo/gorealconf/pkg/gorealconf/config.go:38.53,39.38 1 0
github.com/samuelarogbonlo/gorealconf/pkg/gorealconf/config.go:39.38,41.23 2 0
github.com/samuelarogbonlo/gorealconf/pkg/gorealconf/config.go:41.23,42.33 1 0
github.com/samuelarogbonlo/gorealconf/pkg/gorealconf/config.go:42.33,44.14 1 0
github.com/samuelarogbonlo/gorealconf/pkg/gorealconf/config.go:45.13,45.76 1 0
github.com/samuelarogbonlo/gorealconf/pkg/gorealconf/config.go:49.9,49.31 1 0
github.com/samuelarogbonlo/gorealconf/pkg/gorealconf/config.go:49.31,51.64 2 0
github.com/samuelarogbonlo/gorealconf/pkg/gorealconf/config.go:51.64,52.37 1 0
github.com/samuelarogbonlo/gorealconf/pkg/gorealconf/config.go:52.37,54.18 1 0
github.com/samuelarogbonlo/gorealconf/pkg/gorealconf/config.go:55.17,55.37 1 0
github.com/samuelarogbonlo/gorealconf/pkg/gorealconf/config.go:55.37,56.41 1 0
github.com/samuelarogbonlo/gorealconf/pkg/gorealconf/config.go:56.41,58.22 1 0
github.com/samuelarogbonlo/gorealconf/pkg/gorealconf/config.go:59.21,59.68 1 0
github.com/samuelarogbonlo/gorealconf/pkg/gorealconf/config.go:64.9,64.52 1 0
github.com/samuelarogbonlo/gorealconf/pkg/gorealconf/config.go:64.52,66.10 1 0
github.com/samuelarogbonlo/gorealconf/pkg/gorealconf/config.go:70.5,70.38 1 0
github.com/samuelarogbonlo/gorealconf/pkg/gorealconf/config.go:70.38,72.6 1 0
github.com/samuelarogbonlo/gorealconf/pkg/gorealconf/config.go:74.5,74.15 1 0
github.com/samuelarogbonlo/gorealconf/pkg/gorealconf/config.go:77.72,79.19 2 0
github.com/samuelarogbonlo/gorealconf/pkg/gorealconf/config.go:79.19,80.29 1 0
github.com/samuelarogbonlo/gorealconf/pkg/gorealconf/config.go:80.29,82.10 1 0
github.com/samuelarogbonlo/gorealconf/pkg/gorealconf/config.go:83.9,83.15 1 0
github.com/samuelarogbonlo/gorealconf/pkg/gorealconf/config.go:86.5,86.9 1 0
github.com/samuelarogbonlo/gorealconf/pkg/gorealconf/config.go:86.9,87.16 1 0
github.com/samuelarogbonlo/gorealconf/pkg/gorealconf/config.go:88.27,89.19 1 0
github.com/samuelarogbonlo/gorealconf/pkg/gorealconf/config.go:90.37,91.20 1 0
github.com/samuelarogbonlo/gorealconf/pkg/gorealconf/config.go:91.20,93.14 1 0
github.com/samuelarogbonlo/gorealconf/pkg/gorealconf/config.go:94.13,94.56 1 0
github.com/samuelarogbonlo/gorealconf/pkg/gorealconf/config.go:94.56,95.37 1 0
github.com/samuelarogbonlo/gorealconf/pkg/gorealconf/config.go:95.37,97.18 1 0
github.com/samuelarogbonlo/gorealconf/pkg/gorealconf/config.go:103.72,104.31 1 0
github.com/samuelarogbonlo/gorealconf/pkg/gorealconf/config.go:104.31,106.6 1 0
github.com/samuelarogbonlo/gorealconf/pkg/gorealconf/config.go:109.49,110.31 1 0
github.com/samuelarogbonlo/gorealconf/pkg/gorealconf/config.go:110.31,112.6 1 0
github.com/samuelarogbonlo/gorealconf/pkg/gorealconf/config.go:115.53,116.31 1 0
github.com/samuelarogbonlo/gorealconf/pkg/gorealconf/config.go:116.31,118.6 1 0
github.com/samuelarogbonlo/gorealconf/pkg/gorealconf/config.go:121.52,122.31 1 0
github.com/samuelarogbonlo/gorealconf/pkg/gorealconf/config.go:122.31,124.6 1 0
github.com/samuelarogbonlo/gorealconf/pkg/gorealconf/config.go:127.48,129.21 2 3
github.com/samuelarogbonlo/gorealconf/pkg/gorealconf/config.go:129.21,132.6 2 2
github.com/samuelarogbonlo/gorealconf/pkg/gorealconf/config.go:133.5,133.18 1 1
github.com/samuelarogbonlo/gorealconf/pkg/gorealconf/config.go:136.67,140.27 3 1
github.com/samuelarogbonlo/gorealconf/pkg/gorealconf/config.go:140.27,141.63 1 0
github.com/samuelarogbonlo/gorealconf/pkg/gorealconf/config.go:141.63,142.33 1 0
github.com/samuelarogbonlo/gorealconf/pkg/gorealconf/config.go:142.33,144.14 1 0
github.com/samuelarogbonlo/gorealconf/pkg/gorealconf/config.go:145.13,145.33 1 0
github.com/samuelarogbonlo/gorealconf/pkg/gorealconf/config.go:145.33,146.37 1 0
github.com/samuelarogbonlo/gorealconf/pkg/gorealconf/config.go:146.37,148.18 1 0
github.com/samuelarogbonlo/gorealconf/pkg/gorealconf/config.go:149.17,149.27 1 0
github.com/samuelarogbonlo/gorealconf/pkg/gorealconf/config.go:154.5,158.25 4 1
github.com/samuelarogbonlo/gorealconf/pkg/gorealconf/config.go:158.25,162.6 3 0
github.com/samuelarogbonlo/gorealconf/pkg/gorealconf/config.go:164.5,165.36 2 1
github.com/samuelarogbonlo/gorealconf/pkg/gorealconf/config.go:165.36,167.6 1 0
github.com/samuelarogbonlo/gorealconf/pkg/gorealconf/config.go:168.5,170.15 2 1
github.com/samuelarogbonlo/gorealconf/pkg/gorealconf/config.go:170.15,171.41 1 1
github.com/samuelarogbonlo/gorealconf/pkg/gorealconf/config.go:171.41,172.20 1 0
github.com/samuelarogbonlo/gorealconf/pkg/gorealconf/config.go:173.34,173.34 0 0
github.com/samuelarogbonlo/gorealconf/pkg/gorealconf/config.go:174.21,178.27 4 0
github.com/samuelarogbonlo/gorealconf/pkg/gorealconf/config.go:183.5,183.15 1 1
github.com/samuelarogbonlo/gorealconf/pkg/gorealconf/config.go:186.71,193.52 5 0
github.com/samuelarogbonlo/gorealconf/pkg/gorealconf/config.go:193.52,194.16 1 0
github.com/samuelarogbonlo/gorealconf/pkg/gorealconf/config.go:195.29,195.29 0 0
github.com/samuelarogbonlo/gorealconf/pkg/gorealconf/config.go:196.17,196.17 0 0
github.com/samuelarogbonlo/gorealconf/pkg/gorealconf/config.go:200.5,200.23 1 0
github.com/samuelarogbonlo/gorealconf/pkg/gorealconf/config.go:200.23,205.6 4 0
github.com/samuelarogbonlo/gorealconf/pkg/gorealconf/config.go:208.66,213.15 3 0
github.com/samuelarogbonlo/gorealconf/pkg/gorealconf/config.go:213.15,217.13 3 0
github.com/samuelarogbonlo/gorealconf/pkg/gorealconf/config.go:217.13,218.20 1 0
github.com/samuelarogbonlo/gorealconf/pkg/gorealconf/config.go:219.31,220.23 1 0
github.com/samuelarogbonlo/gorealconf/pkg/gorealconf/config.go:221.34,222.24 1 0
github.com/samuelarogbonlo/gorealconf/pkg/gorealconf/config.go:222.24,224.18 1 0
github.com/samuelarogbonlo/gorealconf/pkg/gorealconf/config.go:225.17,225.24 1 0
github.com/samuelarogbonlo/gorealconf/pkg/gorealconf/config.go:226.37,226.37 0 0
github.com/samuelarogbonlo/gorealconf/pkg/gorealconf/config.go:227.25,227.25 0 0
github.com/samuelarogbonlo/gorealconf/pkg/gorealconf/config.go:233.5,233.24 1 0
github.com/samuelarogbonlo/gorealconf/pkg/gorealconf/config.go:236.49,240.2 3 0
github.com/samuelarogbonlo/gorealconf/pkg/gorealconf/errors.go:12.42,14.2 1 0
github.com/samuelarogbonlo/gorealconf/pkg/gorealconf/errors.go:22.40,24.2 1 0
github.com/samuelarogbonlo/gorealconf/pkg/gorealconf/metrics.go:17.39,69.2 1 0
github.com/samuelarogbonlo/gorealconf/pkg/gorealconf/metrics.go:72.61,84.36 2 0
github.com/samuelarogbonlo/gorealconf/pkg/gorealconf/metrics.go:84.36,85.52 1 0
github.com/samuelarogbonlo/gorealconf/pkg/gorealconf/metrics.go:85.52,87.10 1 0
github.com/samuelarogbonlo/gorealconf/pkg/gorealconf/metrics.go:90.5,90.15 1 0
github.com/samuelarogbonlo/gorealconf/pkg/gorealconf/metrics.go:94.41,95.44 1 0
github.com/samuelarogbonlo/gorealconf/pkg/gorealconf/metrics.go:95.44,97.6 1 0
github.com/samuelarogbonlo/gorealconf/pkg/gorealconf/metrics.go:100.38,101.43 1 0
github.com/samuelarogbonlo/gorealconf/pkg/gorealconf/metrics.go:101.43,103.6 1 0
github.com/samuelarogbonlo/gorealconf/pkg/gorealconf/metrics.go:106.35,107.40 1 0
github.com/samuelarogbonlo/gorealconf/pkg/gorealconf/metrics.go:107.40,109.6 1 0
github.com/samuelarogbonlo/gorealconf/pkg/gorealconf/metrics.go:112.36,113.41 1 0
github.com/samuelarogbonlo/gorealconf/pkg/gorealconf/metrics.go:113.41,115.6 1 0
github.com/samuelarogbonlo/gorealconf/pkg/gorealconf/metrics.go:118.37,119.42 1 0
github.com/samuelarogbonlo/gorealconf/pkg/gorealconf/metrics.go:119.42,121.6 1 0
github.com/samuelarogbonlo/gorealconf/pkg/gorealconf/metrics.go:124.59,125.44 1 0
github.com/samuelarogbonlo/gorealconf/pkg/gorealconf/metrics.go:125.44,127.6 1 0
github.com/samuelarogbonlo/gorealconf/pkg/gorealconf/metrics.go:130.53,131.44 1 0
github.com/samuelarogbonlo/gorealconf/pkg/gorealconf/metrics.go:131.44,133.6 1 0
github.com/samuelarogbonlo/gorealconf/pkg/gorealconf/metrics.go:136.58,137.43 1 0
github.com/samuelarogbonlo/gorealconf/pkg/gorealconf/metrics.go:137.43,139.6 1 0
github.com/samuelarogbonlo/gorealconf/pkg/gorealconf/rollout.go:11.55,15.2 1 0
github.com/samuelarogbonlo/gorealconf/pkg/gorealconf/rollout.go:17.73,20.2 2 0
github.com/samuelarogbonlo/gorealconf/pkg/gorealconf/rollout.go:22.74,25.2 2 0
github.com/samuelarogbonlo/gorealconf/pkg/gorealconf/rollout.go:27.75,30.2 2 0
github.com/samuelarogbonlo/gorealconf/pkg/gorealconf/rollout.go:32.41,33.26 1 0
github.com/samuelarogbonlo/gorealconf/pkg/gorealconf/rollout.go:33.26,35.6 1 0
github.com/samuelarogbonlo/gorealconf/pkg/gorealconf/rollout.go:36.5,36.36 1 0
github.com/samuelarogbonlo/gorealconf/pkg/gorealconf/rollout_strategies.go:17.48,21.2 1 0
github.com/samuelarogbonlo/gorealconf/pkg/gorealconf/rollout_strategies.go:23.72,26.2 2 0
github.com/samuelarogbonlo/gorealconf/pkg/gorealconf/rollout_strategies.go:28.49,29.37 1 0
github.com/samuelarogbonlo/gorealconf/pkg/gorealconf/rollout_strategies.go:29.37,30.29 1 0
github.com/samuelarogbonlo/gorealconf/pkg/gorealconf/rollout_strategies.go:30.29,32.10 1 0
github.com/samuelarogbonlo/gorealconf/pkg/gorealconf/rollout_strategies.go:34.5,34.16 1 0
github.com/samuelarogbonlo/gorealconf/pkg/gorealconf/rollout_strategies.go:41.68,45.2 1 0
github.com/samuelarogbonlo/gorealconf/pkg/gorealconf/rollout_strategies.go:47.49,49.2 1 0
github.com/samuelarogbonlo/gorealconf/pkg/gorealconf/rollout_strategies.go:56.70,61.2 1 0
github.com/samuelarogbonlo/gorealconf/pkg/gorealconf/rollout_strategies.go:63.48,65.2 1 0
github.com/samuelarogbonlo/gorealconf/pkg/gorealconf/source_consul.go:15.83,20.19 4 0
github.com/samuelarogbonlo/gorealconf/pkg/gorealconf/source_consul.go:20.19,22.6 1 0
github.com/samuelarogbonlo/gorealconf/pkg/gorealconf/source_consul.go:24.5,27.11 1 0
github.com/samuelarogbonlo/gorealconf/pkg/gorealconf/source_consul.go:30.64,32.19 2 0
github.com/samuelarogbonlo/gorealconf/pkg/gorealconf/source_consul.go:32.19,35.6 2 0
github.com/samuelarogbonlo/gorealconf/pkg/gorealconf/source_consul.go:37.5,37.20 1 0
github.com/samuelarogbonlo/gorealconf/pkg/gorealconf/source_consul.go:37.20,40.6 2 0
github.com/samuelarogbonlo/gorealconf/pkg/gorealconf/source_consul.go:42.5,43.62 2 0
github.com/samuelarogbonlo/gorealconf/pkg/gorealconf/source_consul.go:43.62,46.6 2 0
github.com/samuelarogbonlo/gorealconf/pkg/gorealconf/source_consul.go:48.5,48.22 1 0
github.com/samuelarogbonlo/gorealconf/pkg/gorealconf/source_consul.go:51.72,54.15 2 0
github.com/samuelarogbonlo/gorealconf/pkg/gorealconf/source_consul.go:54.15,58.13 3 0
github.com/samuelarogbonlo/gorealconf/pkg/gorealconf/source_consul.go:58.13,59.20 1 0
github.com/samuelarogbonlo/gorealconf/pkg/gorealconf/source_consul.go:60.31,61.23 1 0
github.com/samuelarogbonlo/gorealconf/pkg/gorealconf/source_consul.go:62.21,67.31 2 0
github.com/samuelarogbonlo/gorealconf/pkg/gorealconf/source_consul.go:67.31,69.29 2 0
github.com/samuelarogbonlo/gorealconf/pkg/gorealconf/source_consul.go:72.17,72.44 1 0
github.com/samuelarogbonlo/gorealconf/pkg/gorealconf/source_consul.go:72.44,73.29 1 0
github.com/samuelarogbonlo/gorealconf/pkg/gorealconf/source_consul.go:76.17,78.32 2 0
github.com/samuelarogbonlo/gorealconf/pkg/gorealconf/source_consul.go:78.32,79.29 1 0
github.com/samuelarogbonlo/gorealconf/pkg/gorealconf/source_consul.go:82.17,83.74 2 0
github.com/samuelarogbonlo/gorealconf/pkg/gorealconf/source_consul.go:83.74,84.29 1 0
github.com/samuelarogbonlo/gorealconf/pkg/gorealconf/source_consul.go:87.17,87.24 1 0
github.com/samuelarogbonlo/gorealconf/pkg/gorealconf/source_consul.go:88.34,88.34 0 0
github.com/samuelarogbonlo/gorealconf/pkg/gorealconf/source_consul.go:89.35,90.27 1 0
github.com/samuelarogbonlo/gorealconf/pkg/gorealconf/source_consul.go:96.5,96.19 1 0
github.com/samuelarogbonlo/gorealconf/pkg/gorealconf/source_etcd.go:14.83,18.19 2 0
github.com/samuelarogbonlo/gorealconf/pkg/gorealconf/source_etcd.go:18.19,20.6 1 0
github.com/samuelarogbonlo/gorealconf/pkg/gorealconf/source_etcd.go:22.5,25.11 1 0
github.com/samuelarogbonlo/gorealconf/pkg/gorealconf/source_etcd.go:28.62,30.19 2 0
github.com/samuelarogbonlo/gorealconf/pkg/gorealconf/source_etcd.go:30.19,33.6 2 0
github.com/samuelarogbonlo/gorealconf/pkg/gorealconf/source_etcd.go:35.5,35.27 1 0
github.com/samuelarogbonlo/gorealconf/pkg/gorealconf/source_etcd.go:35.27,38.6 2 0
github.com/samuelarogbonlo/gorealconf/pkg/gorealconf/source_etcd.go:40.5,41.70 2 0
github.com/samuelarogbonlo/gorealconf/pkg/gorealconf/source_etcd.go:41.70,44.6 2 0
github.com/samuelarogbonlo/gorealconf/pkg/gorealconf/source_etcd.go:46.5,46.23 1 0
github.com/samuelarogbonlo/gorealconf/pkg/gorealconf/source_etcd.go:49.70,53.15 3 0
github.com/samuelarogbonlo/gorealconf/pkg/gorealconf/source_etcd.go:53.15,55.35 2 0
github.com/samuelarogbonlo/gorealconf/pkg/gorealconf/source_etcd.go:55.35,56.44 1 0
github.com/samuelarogbonlo/gorealconf/pkg/gorealconf/source_etcd.go:56.44,57.53 1 0
github.com/samuelarogbonlo/gorealconf/pkg/gorealconf/source_etcd.go:57.53,59.80 2 0
github.com/samuelarogbonlo/gorealconf/pkg/gorealconf/source_etcd.go:59.80,61.22 1 0
github.com/samuelarogbonlo/gorealconf/pkg/gorealconf/source_etcd.go:67.5,67.19 1 0
github.com/samuelarogbonlo/gorealconf/pkg/gorealconf/source_file.go:16.64,18.19 2 0
github.com/samuelarogbonlo/gorealconf/pkg/gorealconf/source_file.go:18.19,20.6 1 0
github.com/samuelarogbonlo/gorealconf/pkg/gorealconf/source_file.go:22.5,25.11 1 0
github.com/samuelarogbonlo/gorealconf/pkg/gorealconf/source_file.go:28.62,30.19 2 0
github.com/samuelarogbonlo/gorealconf/pkg/gorealconf/source_file.go:30.19,33.6 2 0
github.com/samuelarogbonlo/gorealconf/pkg/gorealconf/source_file.go:35.5,36.57 2 0
github.com/samuelarogbonlo/gorealconf/pkg/gorealconf/source_file.go:36.57,39.6 2 0
github.com/samuelarogbonlo/gorealconf/pkg/gorealconf/source_file.go:41.5,41.23 1 0
github.com/samuelarogbonlo/gorealconf/pkg/gorealconf/source_file.go:44.70,45.49 1 0
github.com/samuelarogbonlo/gorealconf/pkg/gorealconf/source_file.go:45.49,47.6 1 0
github.com/samuelarogbonlo/gorealconf/pkg/gorealconf/source_file.go:49.5,50.15 2 0
github.com/samuelarogbonlo/gorealconf/pkg/gorealconf/source_file.go:50.15,54.13 3 0
github.com/samuelarogbonlo/gorealconf/pkg/gorealconf/source_file.go:54.13,55.20 1 0
github.com/samuelarogbonlo/gorealconf/pkg/gorealconf/source_file.go:56.31,57.23 1 0
github.com/samuelarogbonlo/gorealconf/pkg/gorealconf/source_file.go:58.46,59.62 1 0
github.com/samuelarogbonlo/gorealconf/pkg/gorealconf/source_file.go:59.62,60.63 1 0
github.com/samuelarogbonlo/gorealconf/pkg/gorealconf/source_file.go:60.63,62.22 1 0
github.com/samuelarogbonlo/gorealconf/pkg/gorealconf/source_file.go:68.5,68.19 1 0
github.com/samuelarogbonlo/gorealconf/pkg/gorealconf/source_redis.go:16.90,26.50 4 0
github.com/samuelarogbonlo/gorealconf/pkg/gorealconf/source_redis.go:26.50,28.6 1 0
github.com/samuelarogbonlo/gorealconf/pkg/gorealconf/source_redis.go:30.5,34.11 1 0
github.com/samuelarogbonlo/gorealconf/pkg/gorealconf/source_redis.go:37.63,39.19 2 0
github.com/samuelarogbonlo/gorealconf/pkg/gorealconf/source_redis.go:39.19,42.6 2 0
github.com/samuelarogbonlo/gorealconf/pkg/gorealconf/source_redis.go:44.5,45.56 2 0
github.com/samuelarogbonlo/gorealconf/pkg/gorealconf/source_redis.go:45.56,48.6 2 0
github.com/samuelarogbonlo/gorealconf/pkg/gorealconf/source_redis.go:50.5,50.22 1 0
github.com/samuelarogbonlo/gorealconf/pkg/gorealconf/source_redis.go:53.71,57.15 3 0
github.com/samuelarogbonlo/gorealconf/pkg/gorealconf/source_redis.go:57.15,61.13 3 0
github.com/samuelarogbonlo/gorealconf/pkg/gorealconf/source_redis.go:61.13,62.20 1 0
github.com/samuelarogbonlo/gorealconf/pkg/gorealconf/source_redis.go:63.31,64.23 1 0
github.com/samuelarogbonlo/gorealconf/pkg/gorealconf/source_redis.go:65.44,67.86 2 0
github.com/samuelarogbonlo/gorealconf/pkg/gorealconf/source_redis.go:67.86,68.28 1 0
github.com/samuelarogbonlo/gorealconf/pkg/gorealconf/source_redis.go:69.41,69.41 0 0
github.com/samuelarogbonlo/gorealconf/pkg/gorealconf/source_redis.go:70.39,71.31 1 0
github.com/samuelarogbonlo/gorealconf/pkg/gorealconf/source_redis.go:78.5,78.19 1 0
github.com/samuelarogbonlo/gorealconf/pkg/gorealconf/validation.go:32.51,38.2 1 0
